ffmpeg version 2024-07-22-git-172da370e7-full_build-www.gyan.dev Copyright (c) 2000-2024 the FFmpeg developers
  built with gcc 13.2.0 (Rev5, Built by MSYS2 project)
  configuration: --enable-gpl --enable-version3 --enable-static --disable-w32threads --disable-autodetect --enable-fontconfig --enable-iconv --enable-gnutls --enable-libxml2 --enable-gmp --enable-bzlib --enable-lzma --enable-libsnappy --enable-zlib --enable-librist --enable-libsrt --enable-libssh --enable-libzmq --enable-avisynth --enable-libbluray --enable-libcaca --enable-sdl2 --enable-libaribb24 --enable-libaribcaption --enable-libdav1d --enable-libdavs2 --enable-libopenjpeg --enable-libquirc --enable-libuavs3d --enable-libxevd --enable-libzvbi --enable-libqrencode --enable-librav1e --enable-libsvtav1 --enable-libvvenc --enable-libwebp --enable-libx264 --enable-libx265 --enable-libxavs2 --enable-libxeve --enable-libxvid --enable-libaom --enable-libjxl --enable-libvpx --enable-mediafoundation --enable-libass --enable-frei0r --enable-libfreetype --enable-libfribidi --enable-libharfbuzz --enable-liblensfun --enable-libvidstab --enable-libvmaf --enable-libzimg --enable-amf --enable-cuda-llvm --enable-cuvid --enable-dxva2 --enable-d3d11va --enable-d3d12va --enable-ffnvcodec --enable-libvpl --enable-nvdec --enable-nvenc --enable-vaapi --enable-libshaderc --enable-vulkan --enable-libplacebo --enable-opencl --enable-libcdio --enable-libgme --enable-libmodplug --enable-libopenmpt --enable-libopencore-amrwb --enable-libmp3lame --enable-libshine --enable-libtheora --enable-libtwolame --enable-libvo-amrwbenc --enable-libcodec2 --enable-libilbc --enable-libgsm --enable-libopencore-amrnb --enable-libopus --enable-libspeex --enable-libvorbis --enable-ladspa --enable-libbs2b --enable-libflite --enable-libmysofa --enable-librubberband --enable-libsoxr --enable-chromaprint
  libavutil      59. 28.100 / 59. 28.100
  libavcodec     61. 10.100 / 61. 10.100
  libavformat    61.  5.101 / 61.  5.101
  libavdevice    61.  2.100 / 61.  2.100
  libavfilter    10.  2.102 / 10.  2.102
  libswscale      8.  2.100 /  8.  2.100
  libswresample   5.  2.100 /  5.  2.100
  libpostproc    58.  2.100 / 58.  2.100
Input #0, mov,mp4,m4a,3gp,3g2,mj2, from 'videos\Continuity_And_Differentiability.mp4':
  Metadata:
    major_brand     : mp42
    minor_version   : 0
    compatible_brands: isommp42
    encoder         : Google
  Duration: 05:48:02.61, start: 0.000000, bitrate: 364 kb/s
  Stream #0:0[0x1](und): Video: h264 (Main) (avc1 / 0x31637661), yuv420p(tv, bt709, progressive), 640x360 [SAR 1:1 DAR 16:9], 266 kb/s, 30 fps, 30 tbr, 15360 tbn (default)
      Metadata:
        handler_name    : ISO Media file produced by Google Inc.
        vendor_id       : [0][0][0][0]
  Stream #0:1[0x2](eng): Audio: aac (LC) (mp4a / 0x6134706D), 44100 Hz, stereo, fltp, 95 kb/s (default)
      Metadata:
        handler_name    : ISO Media file produced by Google Inc.
        vendor_id       : [0][0][0][0]
Stream mapping:
  Stream #0:0 -> #0:0 (copy)
  Stream #0:1 -> #0:1 (copy)
[segment @ 000001a8c5777c00] Opening 'Continuity_And_Differentiability\01\\output000.mkv' for writing
Output #0, segment, to 'Continuity_And_Differentiability\01\\output%03d.mkv':
  Metadata:
    major_brand     : mp42
    minor_version   : 0
    compatible_brands: isommp42
    encoder         : Lavf61.5.101
  Stream #0:0(und): Video: h264 (Main) (avc1 / 0x31637661), yuv420p(tv, bt709, progressive), 640x360 [SAR 1:1 DAR 16:9], q=2-31, 266 kb/s, 30 fps, 30 tbr, 1k tbn (default)
      Metadata:
        handler_name    : ISO Media file produced by Google Inc.
        vendor_id       : [0][0][0][0]
  Stream #0:1(eng): Audio: aac (LC) (mp4a / 0x6134706D), 44100 Hz, stereo, fltp, 95 kb/s (default)
      Metadata:
        handler_name    : ISO Media file produced by Google Inc.
        vendor_id       : [0][0][0][0]
Press [q] to stop, [?] for help
[segment @ 000001a8c5777c00] Opening 'Continuity_And_Differentiability\01\\output001.mkv' for writing
[segment @ 000001a8c5777c00] Opening 'Continuity_And_Differentiability\01\\output002.mkv' for writing
[segment @ 000001a8c5777c00] Opening 'Continuity_And_Differentiability\01\\output003.mkv' for writing
size=N/A time=00:18:01.21 bitrate=N/A speed=2.13e+03x    [segment @ 000001a8c5777c00] Opening 'Continuity_And_Differentiability\01\\output004.mkv' for writing
[segment @ 000001a8c5777c00] Opening 'Continuity_And_Differentiability\01\\output005.mkv' for writing
[segment @ 000001a8c5777c00] Opening 'Continuity_And_Differentiability\01\\output006.mkv' for writing
size=N/A time=00:34:54.02 bitrate=N/A speed=2.05e+03x    [segment @ 000001a8c5777c00] Opening 'Continuity_And_Differentiability\01\\output007.mkv' for writing
[segment @ 000001a8c5777c00] Opening 'Continuity_And_Differentiability\01\\output008.mkv' for writing
[segment @ 000001a8c5777c00] Opening 'Continuity_And_Differentiability\01\\output009.mkv' for writing
[segment @ 000001a8c5777c00] Opening 'Continuity_And_Differentiability\01\\output010.mkv' for writing
size=N/A time=00:53:18.96 bitrate=N/A speed=2.08e+03x    [segment @ 000001a8c5777c00] Opening 'Continuity_And_Differentiability\01\\output011.mkv' for writing
[segment @ 000001a8c5777c00] Opening 'Continuity_And_Differentiability\01\\output012.mkv' for writing
[segment @ 000001a8c5777c00] Opening 'Continuity_And_Differentiability\01\\output013.mkv' for writing
[segment @ 000001a8c5777c00] Opening 'Continuity_And_Differentiability\01\\output014.mkv' for writing
size=N/A time=01:11:29.44 bitrate=N/A speed=2.09e+03x    [segment @ 000001a8c5777c00] Opening 'Continuity_And_Differentiability\01\\output015.mkv' for writing
[segment @ 000001a8c5777c00] Opening 'Continuity_And_Differentiability\01\\output016.mkv' for writing
[segment @ 000001a8c5777c00] Opening 'Continuity_And_Differentiability\01\\output017.mkv' for writing
size=N/A time=01:28:52.85 bitrate=N/A speed=2.08e+03x    [segment @ 000001a8c5777c00] Opening 'Continuity_And_Differentiability\01\\output018.mkv' for writing
[segment @ 000001a8c5777c00] Opening 'Continuity_And_Differentiability\01\\output019.mkv' for writing
[segment @ 000001a8c5777c00] Opening 'Continuity_And_Differentiability\01\\output020.mkv' for writing
[segment @ 000001a8c5777c00] Opening 'Continuity_And_Differentiability\01\\output021.mkv' for writing
size=N/A time=01:46:07.44 bitrate=N/A speed=2.06e+03x    [segment @ 000001a8c5777c00] Opening 'Continuity_And_Differentiability\01\\output022.mkv' for writing
[segment @ 000001a8c5777c00] Opening 'Continuity_And_Differentiability\01\\output023.mkv' for writing
[segment @ 000001a8c5777c00] Opening 'Continuity_And_Differentiability\01\\output024.mkv' for writing
size=N/A time=02:02:09.86 bitrate=N/A speed=2.04e+03x    [segment @ 000001a8c5777c00] Opening 'Continuity_And_Differentiability\01\\output025.mkv' for writing
[segment @ 000001a8c5777c00] Opening 'Continuity_And_Differentiability\01\\output026.mkv' for writing
[segment @ 000001a8c5777c00] Opening 'Continuity_And_Differentiability\01\\output027.mkv' for writing
size=N/A time=02:19:09.94 bitrate=N/A speed=2.03e+03x    [segment @ 000001a8c5777c00] Opening 'Continuity_And_Differentiability\01\\output028.mkv' for writing
[segment @ 000001a8c5777c00] Opening 'Continuity_And_Differentiability\01\\output029.mkv' for writing
[segment @ 000001a8c5777c00] Opening 'Continuity_And_Differentiability\01\\output030.mkv' for writing
[segment @ 000001a8c5777c00] Opening 'Continuity_And_Differentiability\01\\output031.mkv' for writing
size=N/A time=02:37:28.40 bitrate=N/A speed=2.04e+03x    [segment @ 000001a8c5777c00] Opening 'Continuity_And_Differentiability\01\\output032.mkv' for writing
[segment @ 000001a8c5777c00] Opening 'Continuity_And_Differentiability\01\\output033.mkv' for writing
[segment @ 000001a8c5777c00] Opening 'Continuity_And_Differentiability\01\\output034.mkv' for writing
[segment @ 000001a8c5777c00] Opening 'Continuity_And_Differentiability\01\\output035.mkv' for writing
size=N/A time=02:55:12.27 bitrate=N/A speed=2.04e+03x    [segment @ 000001a8c5777c00] Opening 'Continuity_And_Differentiability\01\\output036.mkv' for writing
[segment @ 000001a8c5777c00] Opening 'Continuity_And_Differentiability\01\\output037.mkv' for writing
[segment @ 000001a8c5777c00] Opening 'Continuity_And_Differentiability\01\\output038.mkv' for writing
size=N/A time=03:14:15.04 bitrate=N/A speed=2.06e+03x    [segment @ 000001a8c5777c00] Opening 'Continuity_And_Differentiability\01\\output039.mkv' for writing
[segment @ 000001a8c5777c00] Opening 'Continuity_And_Differentiability\01\\output040.mkv' for writing
[segment @ 000001a8c5777c00] Opening 'Continuity_And_Differentiability\01\\output041.mkv' for writing
[segment @ 000001a8c5777c00] Opening 'Continuity_And_Differentiability\01\\output042.mkv' for writing
size=N/A time=03:32:00.61 bitrate=N/A speed=2.06e+03x    [segment @ 000001a8c5777c00] Opening 'Continuity_And_Differentiability\01\\output043.mkv' for writing
[segment @ 000001a8c5777c00] Opening 'Continuity_And_Differentiability\01\\output044.mkv' for writing
[segment @ 000001a8c5777c00] Opening 'Continuity_And_Differentiability\01\\output045.mkv' for writing
size=N/A time=03:49:38.04 bitrate=N/A speed=2.06e+03x    [segment @ 000001a8c5777c00] Opening 'Continuity_And_Differentiability\01\\output046.mkv' for writing
[segment @ 000001a8c5777c00] Opening 'Continuity_And_Differentiability\01\\output047.mkv' for writing
[segment @ 000001a8c5777c00] Opening 'Continuity_And_Differentiability\01\\output048.mkv' for writing
[segment @ 000001a8c5777c00] Opening 'Continuity_And_Differentiability\01\\output049.mkv' for writing
size=N/A time=04:07:01.41 bitrate=N/A speed=2.06e+03x    [segment @ 000001a8c5777c00] Opening 'Continuity_And_Differentiability\01\\output050.mkv' for writing
[segment @ 000001a8c5777c00] Opening 'Continuity_And_Differentiability\01\\output051.mkv' for writing
[segment @ 000001a8c5777c00] Opening 'Continuity_And_Differentiability\01\\output052.mkv' for writing
size=N/A time=04:24:36.20 bitrate=N/A speed=2.05e+03x    [segment @ 000001a8c5777c00] Opening 'Continuity_And_Differentiability\01\\output053.mkv' for writing
[segment @ 000001a8c5777c00] Opening 'Continuity_And_Differentiability\01\\output054.mkv' for writing
[segment @ 000001a8c5777c00] Opening 'Continuity_And_Differentiability\01\\output055.mkv' for writing
[segment @ 000001a8c5777c00] Opening 'Continuity_And_Differentiability\01\\output056.mkv' for writing
size=N/A time=04:42:07.34 bitrate=N/A speed=2.05e+03x    [segment @ 000001a8c5777c00] Opening 'Continuity_And_Differentiability\01\\output057.mkv' for writing
[segment @ 000001a8c5777c00] Opening 'Continuity_And_Differentiability\01\\output058.mkv' for writing
[segment @ 000001a8c5777c00] Opening 'Continuity_And_Differentiability\01\\output059.mkv' for writing
size=N/A time=04:59:49.17 bitrate=N/A speed=2.05e+03x    [segment @ 000001a8c5777c00] Opening 'Continuity_And_Differentiability\01\\output060.mkv' for writing
[segment @ 000001a8c5777c00] Opening 'Continuity_And_Differentiability\01\\output061.mkv' for writing
[segment @ 000001a8c5777c00] Opening 'Continuity_And_Differentiability\01\\output062.mkv' for writing
[segment @ 000001a8c5777c00] Opening 'Continuity_And_Differentiability\01\\output063.mkv' for writing
size=N/A time=05:16:36.89 bitrate=N/A speed=2.05e+03x    [segment @ 000001a8c5777c00] Opening 'Continuity_And_Differentiability\01\\output064.mkv' for writing
[segment @ 000001a8c5777c00] Opening 'Continuity_And_Differentiability\01\\output065.mkv' for writing
[segment @ 000001a8c5777c00] Opening 'Continuity_And_Differentiability\01\\output066.mkv' for writing
size=N/A time=05:34:14.40 bitrate=N/A speed=2.05e+03x    [segment @ 000001a8c5777c00] Opening 'Continuity_And_Differentiability\01\\output067.mkv' for writing
[segment @ 000001a8c5777c00] Opening 'Continuity_And_Differentiability\01\\output068.mkv' for writing
[segment @ 000001a8c5777c00] Opening 'Continuity_And_Differentiability\01\\output069.mkv' for writing
[out#0/segment @ 000001a8c56c4180] video:678111KiB audio:244718KiB subtitle:0KiB other streams:0KiB global headers:0KiB muxing overhead: unknown
size=N/A time=05:48:02.53 bitrate=N/A speed=2.04e+03x    
